<?xml version="1.0" encoding="UTF-8"?>
<!-- Generated by org.testng.reporters.JUnitXMLReporter -->
<testsuite hostname="NeutrinoDinesh" ignored="0" name="Surefire test" tests="6" failures="0" timestamp="2019-03-17T10:50:13 IST" time="0.166" errors="0">
  <testcase name="operamini" time="0.026" classname="qaclickacademy.appiumTest"/>
  <testcase name="truecaller" time="0.001" classname="qaclickacademy.appiumTest"/>
  <testcase name="webinterface" time="0.001" classname="qaclickacademy.RestapiTest"/>
  <testcase name="webui" time="0.0" classname="qaclickacademy.RestapiTest"/>
  <testcase name="bluedart" time="0.0" classname="qaclickacademy.SeleniumTest"/>
  <testcase name="travelsky" time="0.001" classname="qaclickacademy.SeleniumTest"/>
</testsuite> <!-- Surefire test -->
