<?xml version="1.0" encoding="UTF-8"?>
<!-- Generated by org.testng.reporters.JUnitXMLReporter -->
<testsuite hostname="NeutrinoDinesh" ignored="0" name="Test" tests="4" failures="0" timestamp="2019-03-17T11:03:23 IST" time="0.197" errors="0">
  <testcase name="webinterface" time="0.03" classname="qaclickacademy.RestapiTest"/>
  <testcase name="webui" time="0.004" classname="qaclickacademy.RestapiTest"/>
  <testcase name="bluedart" time="0.006" classname="qaclickacademy.SeleniumTest"/>
  <testcase name="travelsky" time="0.007" classname="qaclickacademy.SeleniumTest"/>
</testsuite> <!-- Test -->
