<?xml version="1.0" encoding="UTF-8"?>
<testng-results skipped="0" failed="0" ignored="0" total="4" passed="4">
  <reporter-output>
  </reporter-output>
  <suite name="Suite" duration-ms="197" started-at="2019-03-17T11:03:23 IST" finished-at="2019-03-17T11:03:23 IST">
    <groups>
    </groups>
    <test name="Test" duration-ms="197" started-at="2019-03-17T11:03:23 IST" finished-at="2019-03-17T11:03:23 IST">
      <class name="qaclickacademy.RestapiTest">
        <test-method status="PASS" signature="webinterface()[pri:0, instance:qaclickacademy.RestapiTest@1088d51]" name="webinterface" duration-ms="30" started-at="2019-03-17T11:03:23 IST" finished-at="2019-03-17T11:03:23 IST">
          <reporter-output>
          </reporter-output>
        </test-method> <!-- webinterface -->
        <test-method status="PASS" signature="webui()[pri:0, instance:qaclickacademy.RestapiTest@1088d51]" name="webui" duration-ms="4" started-at="2019-03-17T11:03:23 IST" finished-at="2019-03-17T11:03:23 IST">
          <reporter-output>
          </reporter-output>
        </test-method> <!-- webui -->
      </class> <!-- qaclickacademy.RestapiTest -->
      <class name="qaclickacademy.SeleniumTest">
        <test-method status="PASS" signature="bluedart()[pri:0, instance:qaclickacademy.SeleniumTest@186dec2]" name="bluedart" duration-ms="6" started-at="2019-03-17T11:03:23 IST" finished-at="2019-03-17T11:03:23 IST">
          <reporter-output>
          </reporter-output>
        </test-method> <!-- bluedart -->
        <test-method status="PASS" signature="travelsky()[pri:0, instance:qaclickacademy.SeleniumTest@186dec2]" name="travelsky" duration-ms="7" started-at="2019-03-17T11:03:23 IST" finished-at="2019-03-17T11:03:23 IST">
          <reporter-output>
          </reporter-output>
        </test-method> <!-- travelsky -->
      </class> <!-- qaclickacademy.SeleniumTest -->
    </test> <!-- Test -->
  </suite> <!-- Suite -->
</testng-results>
